Performing C SOURCE FILE Test CMAKE_HAVE_LIBC_PTHREAD failed with the following output:
Change Dir: /home/hieudz/CLionProjects/LTM_Project/cmake-build-debug/CMakeFiles/CMakeTmp

Run Build Command(s):/usr/bin/gmake -f Makefile cmTC_48963/fast && /usr/bin/gmake  -f CMakeFiles/cmTC_48963.dir/build.make CMakeFiles/cmTC_48963.dir/build
gmake[1]: Entering directory '/home/hieudz/CLionProjects/LTM_Project/cmake-build-debug/CMakeFiles/CMakeTmp'
Building C object CMakeFiles/cmTC_48963.dir/src.c.o
/usr/bin/cc -DCMAKE_HAVE_LIBC_PTHREAD  -std=gnu99 -o CMakeFiles/cmTC_48963.dir/src.c.o -c /home/hieudz/CLionProjects/LTM_Project/cmake-build-debug/CMakeFiles/CMakeTmp/src.c
Linking C executable cmTC_48963
/home/hieudz/Downloads/application/CLion-2021.2.2/clion-2021.2.2/bin/cmake/linux/bin/cmake -E cmake_link_script CMakeFiles/cmTC_48963.dir/link.txt --verbose=1
/usr/bin/cc CMakeFiles/cmTC_48963.dir/src.c.o -o cmTC_48963 
/usr/bin/ld: CMakeFiles/cmTC_48963.dir/src.c.o: in function `main':
src.c:(.text+0x46): undefined reference to `pthread_create'
/usr/bin/ld: src.c:(.text+0x52): undefined reference to `pthread_detach'
/usr/bin/ld: src.c:(.text+0x5e): undefined reference to `pthread_cancel'
/usr/bin/ld: src.c:(.text+0x6f): undefined reference to `pthread_join'
collect2: error: ld returned 1 exit status
gmake[1]: *** [CMakeFiles/cmTC_48963.dir/build.make:99: cmTC_48963] Error 1
gmake[1]: Leaving directory '/home/hieudz/CLionProjects/LTM_Project/cmake-build-debug/CMakeFiles/CMakeTmp'
gmake: *** [Makefile:127: cmTC_48963/fast] Error 2


Source file was:
#include <pthread.h>

static void* test_func(void* data)
{
  return data;
}

int main(void)
{
  pthread_t thread;
  pthread_create(&thread, NULL, test_func, NULL);
  pthread_detach(thread);
  pthread_cancel(thread);
  pthread_join(thread, NULL);
  pthread_atfork(NULL, NULL, NULL);
  pthread_exit(NULL);

  return 0;
}

